Configuration file: /home/crw/Documents/Obsidian Vault/crw-notes-raw-GIT/BLOG/_config.yml
To use retry middleware with Faraday v2.0+, install `faraday-retry` gem
            Source: /home/crw/Documents/Obsidian Vault/crw-notes-raw-GIT/BLOG
       Destination: /home/crw/Documents/Obsidian Vault/crw-notes-raw-GIT/BLOG/_site
 Incremental build: disabled. Enable with --incremental
      Generating... 
                    done in 10.212 seconds.
 Auto-regeneration: disabled when running server detached.
jekyll 3.10.0 | Error:  Address already in use - bind(2) for 0.0.0.0:4000
/usr/lib/ruby/3.0.0/socket.rb:201:in `bind': Address already in use - bind(2) for 0.0.0.0:4000 (Errno::EADDRINUSE)
	from /usr/lib/ruby/3.0.0/socket.rb:201:in `listen'
	from /usr/lib/ruby/3.0.0/socket.rb:765:in `block in tcp_server_sockets'
	from /usr/lib/ruby/3.0.0/socket.rb:227:in `each'
	from /usr/lib/ruby/3.0.0/socket.rb:227:in `foreach'
	from /usr/lib/ruby/3.0.0/socket.rb:763:in `tcp_server_sockets'
	from /home/crw/Documents/Obsidian Vault/crw-notes-raw-GIT/BLOG/vendor/bundle/ruby/3.0.0/gems/webrick-1.9.1/lib/webrick/utils.rb:60:in `create_listeners'
	from /home/crw/Documents/Obsidian Vault/crw-notes-raw-GIT/BLOG/vendor/bundle/ruby/3.0.0/gems/webrick-1.9.1/lib/webrick/server.rb:130:in `listen'
	from /home/crw/Documents/Obsidian Vault/crw-notes-raw-GIT/BLOG/vendor/bundle/ruby/3.0.0/gems/webrick-1.9.1/lib/webrick/server.rb:111:in `initialize'
	from /home/crw/Documents/Obsidian Vault/crw-notes-raw-GIT/BLOG/vendor/bundle/ruby/3.0.0/gems/webrick-1.9.1/lib/webrick/httpserver.rb:47:in `initialize'
	from /home/crw/Documents/Obsidian Vault/crw-notes-raw-GIT/BLOG/vendor/bundle/ruby/3.0.0/gems/jekyll-3.10.0/lib/jekyll/commands/serve.rb:229:in `new'
	from /home/crw/Documents/Obsidian Vault/crw-notes-raw-GIT/BLOG/vendor/bundle/ruby/3.0.0/gems/jekyll-3.10.0/lib/jekyll/commands/serve.rb:229:in `start_up_webrick'
	from /home/crw/Documents/Obsidian Vault/crw-notes-raw-GIT/BLOG/vendor/bundle/ruby/3.0.0/gems/jekyll-3.10.0/lib/jekyll/commands/serve.rb:104:in `process'
	from /home/crw/Documents/Obsidian Vault/crw-notes-raw-GIT/BLOG/vendor/bundle/ruby/3.0.0/gems/jekyll-3.10.0/lib/jekyll/commands/serve.rb:93:in `block in start'
	from /home/crw/Documents/Obsidian Vault/crw-notes-raw-GIT/BLOG/vendor/bundle/ruby/3.0.0/gems/jekyll-3.10.0/lib/jekyll/commands/serve.rb:93:in `each'
	from /home/crw/Documents/Obsidian Vault/crw-notes-raw-GIT/BLOG/vendor/bundle/ruby/3.0.0/gems/jekyll-3.10.0/lib/jekyll/commands/serve.rb:93:in `start'
	from /home/crw/Documents/Obsidian Vault/crw-notes-raw-GIT/BLOG/vendor/bundle/ruby/3.0.0/gems/jekyll-3.10.0/lib/jekyll/commands/serve.rb:75:in `block (2 levels) in init_with_program'
	from /home/crw/Documents/Obsidian Vault/crw-notes-raw-GIT/BLOG/vendor/bundle/ruby/3.0.0/gems/mercenary-0.3.6/lib/mercenary/command.rb:220:in `block in execute'
	from /home/crw/Documents/Obsidian Vault/crw-notes-raw-GIT/BLOG/vendor/bundle/ruby/3.0.0/gems/mercenary-0.3.6/lib/mercenary/command.rb:220:in `each'
	from /home/crw/Documents/Obsidian Vault/crw-notes-raw-GIT/BLOG/vendor/bundle/ruby/3.0.0/gems/mercenary-0.3.6/lib/mercenary/command.rb:220:in `execute'
	from /home/crw/Documents/Obsidian Vault/crw-notes-raw-GIT/BLOG/vendor/bundle/ruby/3.0.0/gems/mercenary-0.3.6/lib/mercenary/program.rb:42:in `go'
	from /home/crw/Documents/Obsidian Vault/crw-notes-raw-GIT/BLOG/vendor/bundle/ruby/3.0.0/gems/mercenary-0.3.6/lib/mercenary.rb:19:in `program'
	from /home/crw/Documents/Obsidian Vault/crw-notes-raw-GIT/BLOG/vendor/bundle/ruby/3.0.0/gems/jekyll-3.10.0/exe/jekyll:15:in `<top (required)>'
	from /home/crw/Documents/Obsidian Vault/crw-notes-raw-GIT/BLOG/vendor/bundle/ruby/3.0.0/bin/jekyll:25:in `load'
	from /home/crw/Documents/Obsidian Vault/crw-notes-raw-GIT/BLOG/vendor/bundle/ruby/3.0.0/bin/jekyll:25:in `<main>'
